{"numFailedTestSuites":1,"numFailedTests":4,"numPassedTestSuites":0,"numPassedTests":0,"numPendingTestSuites":0,"numPendingTests":0,"numRuntimeErrorTestSuites":0,"numTodoTests":0,"numTotalTestSuites":1,"numTotalTests":4,"openHandles":[],"snapshot":{"added":0,"didUpdate":false,"failure":false,"filesAdded":0,"filesRemoved":0,"filesRemovedList":[],"filesUnmatched":0,"filesUpdated":0,"matched":0,"total":0,"unchecked":0,"uncheckedKeysByFile":[],"unmatched":0,"updated":0},"startTime":1762864664691,"success":false,"testResults":[{"assertionResults":[{"ancestorTitles":["User Controller","register"],"duration":2,"failureDetails":[{}],"failureMessages":["TypeError: pool.query.mockResolvedValueOnce is not a function\n    at Object.<anonymous> (/Users/vanyarudakov/Desktop/👨‍🎓/Третий Курс/Фреймворк/Prac2 Rudakov/service_users/src/__tests__/userController.test.js:35:10)\n    at Promise.then.completed (/Users/vanyarudakov/Desktop/👨‍🎓/Третий Курс/Фреймворк/Prac2 Rudakov/service_users/node_modules/jest-circus/build/utils.js:298:28)\n    at new Promise (<anonymous>)\n    at callAsyncCircusFn (/Users/vanyarudakov/Desktop/👨‍🎓/Третий Курс/Фреймворк/Prac2 Rudakov/service_users/node_modules/jest-circus/build/utils.js:231:10)\n    at _callCircusTest (/Users/vanyarudakov/Desktop/👨‍🎓/Третий Курс/Фреймворк/Prac2 Rudakov/service_users/node_modules/jest-circus/build/run.js:316:40)\n    at processTicksAndRejections (node:internal/process/task_queues:105:5)\n    at _runTest (/Users/vanyarudakov/Desktop/👨‍🎓/Третий Курс/Фреймворк/Prac2 Rudakov/service_users/node_modules/jest-circus/build/run.js:252:3)\n    at _runTestsForDescribeBlock (/Users/vanyarudakov/Desktop/👨‍🎓/Третий Курс/Фреймворк/Prac2 Rudakov/service_users/node_modules/jest-circus/build/run.js:126:9)\n    at _runTestsForDescribeBlock (/Users/vanyarudakov/Desktop/👨‍🎓/Третий Курс/Фреймворк/Prac2 Rudakov/service_users/node_modules/jest-circus/build/run.js:121:9)\n    at _runTestsForDescribeBlock (/Users/vanyarudakov/Desktop/👨‍🎓/Третий Курс/Фреймворк/Prac2 Rudakov/service_users/node_modules/jest-circus/build/run.js:121:9)\n    at run (/Users/vanyarudakov/Desktop/👨‍🎓/Третий Курс/Фреймворк/Prac2 Rudakov/service_users/node_modules/jest-circus/build/run.js:71:3)\n    at runAndTransformResultsToJestFormat (/Users/vanyarudakov/Desktop/👨‍🎓/Третий Курс/Фреймворк/Prac2 Rudakov/service_users/node_modules/jest-circus/build/legacy-code-todo-rewrite/jestAdapterInit.js:122:21)\n    at jestAdapter (/Users/vanyarudakov/Desktop/👨‍🎓/Третий Курс/Фреймворк/Prac2 Rudakov/service_users/node_modules/jest-circus/build/legacy-code-todo-rewrite/jestAdapter.js:79:19)\n    at runTestInternal (/Users/vanyarudakov/Desktop/👨‍🎓/Третий Курс/Фреймворк/Prac2 Rudakov/service_users/node_modules/jest-runner/build/runTest.js:367:16)\n    at runTest (/Users/vanyarudakov/Desktop/👨‍🎓/Третий Курс/Фреймворк/Prac2 Rudakov/service_users/node_modules/jest-runner/build/runTest.js:444:34)"],"fullName":"User Controller register should register a new user successfully","invocations":1,"location":null,"numPassingAsserts":0,"retryReasons":[],"status":"failed","title":"should register a new user successfully"},{"ancestorTitles":["User Controller","register"],"duration":1,"failureDetails":[{}],"failureMessages":["TypeError: pool.query.mockResolvedValueOnce is not a function\n    at Object.<anonymous> (/Users/vanyarudakov/Desktop/👨‍🎓/Третий Курс/Фреймворк/Prac2 Rudakov/service_users/src/__tests__/userController.test.js:69:18)\n    at Promise.then.completed (/Users/vanyarudakov/Desktop/👨‍🎓/Третий Курс/Фреймворк/Prac2 Rudakov/service_users/node_modules/jest-circus/build/utils.js:298:28)\n    at new Promise (<anonymous>)\n    at callAsyncCircusFn (/Users/vanyarudakov/Desktop/👨‍🎓/Третий Курс/Фреймворк/Prac2 Rudakov/service_users/node_modules/jest-circus/build/utils.js:231:10)\n    at _callCircusTest (/Users/vanyarudakov/Desktop/👨‍🎓/Третий Курс/Фреймворк/Prac2 Rudakov/service_users/node_modules/jest-circus/build/run.js:316:40)\n    at processTicksAndRejections (node:internal/process/task_queues:105:5)\n    at _runTest (/Users/vanyarudakov/Desktop/👨‍🎓/Третий Курс/Фреймворк/Prac2 Rudakov/service_users/node_modules/jest-circus/build/run.js:252:3)\n    at _runTestsForDescribeBlock (/Users/vanyarudakov/Desktop/👨‍🎓/Третий Курс/Фреймворк/Prac2 Rudakov/service_users/node_modules/jest-circus/build/run.js:126:9)\n    at _runTestsForDescribeBlock (/Users/vanyarudakov/Desktop/👨‍🎓/Третий Курс/Фреймворк/Prac2 Rudakov/service_users/node_modules/jest-circus/build/run.js:121:9)\n    at _runTestsForDescribeBlock (/Users/vanyarudakov/Desktop/👨‍🎓/Третий Курс/Фреймворк/Prac2 Rudakov/service_users/node_modules/jest-circus/build/run.js:121:9)\n    at run (/Users/vanyarudakov/Desktop/👨‍🎓/Третий Курс/Фреймворк/Prac2 Rudakov/service_users/node_modules/jest-circus/build/run.js:71:3)\n    at runAndTransformResultsToJestFormat (/Users/vanyarudakov/Desktop/👨‍🎓/Третий Курс/Фреймворк/Prac2 Rudakov/service_users/node_modules/jest-circus/build/legacy-code-todo-rewrite/jestAdapterInit.js:122:21)\n    at jestAdapter (/Users/vanyarudakov/Desktop/👨‍🎓/Третий Курс/Фреймворк/Prac2 Rudakov/service_users/node_modules/jest-circus/build/legacy-code-todo-rewrite/jestAdapter.js:79:19)\n    at runTestInternal (/Users/vanyarudakov/Desktop/👨‍🎓/Третий Курс/Фреймворк/Prac2 Rudakov/service_users/node_modules/jest-runner/build/runTest.js:367:16)\n    at runTest (/Users/vanyarudakov/Desktop/👨‍🎓/Третий Курс/Фреймворк/Prac2 Rudakov/service_users/node_modules/jest-runner/build/runTest.js:444:34)"],"fullName":"User Controller register should return error if user already exists","invocations":1,"location":null,"numPassingAsserts":0,"retryReasons":[],"status":"failed","title":"should return error if user already exists"},{"ancestorTitles":["User Controller","login"],"duration":0,"failureDetails":[{}],"failureMessages":["TypeError: pool.query.mockResolvedValueOnce is not a function\n    at Object.<anonymous> (/Users/vanyarudakov/Desktop/👨‍🎓/Третий Курс/Фреймворк/Prac2 Rudakov/service_users/src/__tests__/userController.test.js:97:18)\n    at Promise.then.completed (/Users/vanyarudakov/Desktop/👨‍🎓/Третий Курс/Фреймворк/Prac2 Rudakov/service_users/node_modules/jest-circus/build/utils.js:298:28)\n    at new Promise (<anonymous>)\n    at callAsyncCircusFn (/Users/vanyarudakov/Desktop/👨‍🎓/Третий Курс/Фреймворк/Prac2 Rudakov/service_users/node_modules/jest-circus/build/utils.js:231:10)\n    at _callCircusTest (/Users/vanyarudakov/Desktop/👨‍🎓/Третий Курс/Фреймворк/Prac2 Rudakov/service_users/node_modules/jest-circus/build/run.js:316:40)\n    at processTicksAndRejections (node:internal/process/task_queues:105:5)\n    at _runTest (/Users/vanyarudakov/Desktop/👨‍🎓/Третий Курс/Фреймворк/Prac2 Rudakov/service_users/node_modules/jest-circus/build/run.js:252:3)\n    at _runTestsForDescribeBlock (/Users/vanyarudakov/Desktop/👨‍🎓/Третий Курс/Фреймворк/Prac2 Rudakov/service_users/node_modules/jest-circus/build/run.js:126:9)\n    at _runTestsForDescribeBlock (/Users/vanyarudakov/Desktop/👨‍🎓/Третий Курс/Фреймворк/Prac2 Rudakov/service_users/node_modules/jest-circus/build/run.js:121:9)\n    at _runTestsForDescribeBlock (/Users/vanyarudakov/Desktop/👨‍🎓/Третий Курс/Фреймворк/Prac2 Rudakov/service_users/node_modules/jest-circus/build/run.js:121:9)\n    at run (/Users/vanyarudakov/Desktop/👨‍🎓/Третий Курс/Фреймворк/Prac2 Rudakov/service_users/node_modules/jest-circus/build/run.js:71:3)\n    at runAndTransformResultsToJestFormat (/Users/vanyarudakov/Desktop/👨‍🎓/Третий Курс/Фреймворк/Prac2 Rudakov/service_users/node_modules/jest-circus/build/legacy-code-todo-rewrite/jestAdapterInit.js:122:21)\n    at jestAdapter (/Users/vanyarudakov/Desktop/👨‍🎓/Третий Курс/Фреймворк/Prac2 Rudakov/service_users/node_modules/jest-circus/build/legacy-code-todo-rewrite/jestAdapter.js:79:19)\n    at runTestInternal (/Users/vanyarudakov/Desktop/👨‍🎓/Третий Курс/Фреймворк/Prac2 Rudakov/service_users/node_modules/jest-runner/build/runTest.js:367:16)\n    at runTest (/Users/vanyarudakov/Desktop/👨‍🎓/Третий Курс/Фреймворк/Prac2 Rudakov/service_users/node_modules/jest-runner/build/runTest.js:444:34)"],"fullName":"User Controller login should login user with valid credentials","invocations":1,"location":null,"numPassingAsserts":0,"retryReasons":[],"status":"failed","title":"should login user with valid credentials"},{"ancestorTitles":["User Controller","login"],"duration":1,"failureDetails":[{}],"failureMessages":["TypeError: pool.query.mockResolvedValueOnce is not a function\n    at Object.<anonymous> (/Users/vanyarudakov/Desktop/👨‍🎓/Третий Курс/Фреймворк/Prac2 Rudakov/service_users/src/__tests__/userController.test.js:129:18)\n    at Promise.then.completed (/Users/vanyarudakov/Desktop/👨‍🎓/Третий Курс/Фреймворк/Prac2 Rudakov/service_users/node_modules/jest-circus/build/utils.js:298:28)\n    at new Promise (<anonymous>)\n    at callAsyncCircusFn (/Users/vanyarudakov/Desktop/👨‍🎓/Третий Курс/Фреймворк/Prac2 Rudakov/service_users/node_modules/jest-circus/build/utils.js:231:10)\n    at _callCircusTest (/Users/vanyarudakov/Desktop/👨‍🎓/Третий Курс/Фреймворк/Prac2 Rudakov/service_users/node_modules/jest-circus/build/run.js:316:40)\n    at processTicksAndRejections (node:internal/process/task_queues:105:5)\n    at _runTest (/Users/vanyarudakov/Desktop/👨‍🎓/Третий Курс/Фреймворк/Prac2 Rudakov/service_users/node_modules/jest-circus/build/run.js:252:3)\n    at _runTestsForDescribeBlock (/Users/vanyarudakov/Desktop/👨‍🎓/Третий Курс/Фреймворк/Prac2 Rudakov/service_users/node_modules/jest-circus/build/run.js:126:9)\n    at _runTestsForDescribeBlock (/Users/vanyarudakov/Desktop/👨‍🎓/Третий Курс/Фреймворк/Prac2 Rudakov/service_users/node_modules/jest-circus/build/run.js:121:9)\n    at _runTestsForDescribeBlock (/Users/vanyarudakov/Desktop/👨‍🎓/Третий Курс/Фреймворк/Prac2 Rudakov/service_users/node_modules/jest-circus/build/run.js:121:9)\n    at run (/Users/vanyarudakov/Desktop/👨‍🎓/Третий Курс/Фреймворк/Prac2 Rudakov/service_users/node_modules/jest-circus/build/run.js:71:3)\n    at runAndTransformResultsToJestFormat (/Users/vanyarudakov/Desktop/👨‍🎓/Третий Курс/Фреймворк/Prac2 Rudakov/service_users/node_modules/jest-circus/build/legacy-code-todo-rewrite/jestAdapterInit.js:122:21)\n    at jestAdapter (/Users/vanyarudakov/Desktop/👨‍🎓/Третий Курс/Фреймворк/Prac2 Rudakov/service_users/node_modules/jest-circus/build/legacy-code-todo-rewrite/jestAdapter.js:79:19)\n    at runTestInternal (/Users/vanyarudakov/Desktop/👨‍🎓/Третий Курс/Фреймворк/Prac2 Rudakov/service_users/node_modules/jest-runner/build/runTest.js:367:16)\n    at runTest (/Users/vanyarudakov/Desktop/👨‍🎓/Третий Курс/Фреймворк/Prac2 Rudakov/service_users/node_modules/jest-runner/build/runTest.js:444:34)"],"fullName":"User Controller login should return error with invalid credentials","invocations":1,"location":null,"numPassingAsserts":0,"retryReasons":[],"status":"failed","title":"should return error with invalid credentials"}],"endTime":1762864665161,"message":"  ● User Controller › register › should register a new user successfully\n\n    TypeError: pool.query.mockResolvedValueOnce is not a function\n\n      33 |\n      34 |       pool.query\n    > 35 |         .mockResolvedValueOnce({ rows: [] }) // Check existing user\n         |          ^\n      36 |         .mockResolvedValueOnce({\n      37 |           rows: [{\n      38 |             id: 'user-id',\n\n      at Object.<anonymous> (src/__tests__/userController.test.js:35:10)\n\n  ● User Controller › register › should return error if user already exists\n\n    TypeError: pool.query.mockResolvedValueOnce is not a function\n\n      67 |       };\n      68 |\n    > 69 |       pool.query.mockResolvedValueOnce({\n         |                  ^\n      70 |         rows: [{ id: 'existing-user-id' }]\n      71 |       });\n      72 |\n\n      at Object.<anonymous> (src/__tests__/userController.test.js:69:18)\n\n  ● User Controller › login › should login user with valid credentials\n\n    TypeError: pool.query.mockResolvedValueOnce is not a function\n\n       95 |       jest.spyOn(bcrypt, 'compare').mockResolvedValue(true);\n       96 |\n    >  97 |       pool.query.mockResolvedValueOnce({\n          |                  ^\n       98 |         rows: [{\n       99 |           id: 'user-id',\n      100 |           email: 'test@example.com',\n\n      at Object.<anonymous> (src/__tests__/userController.test.js:97:18)\n\n  ● User Controller › login › should return error with invalid credentials\n\n    TypeError: pool.query.mockResolvedValueOnce is not a function\n\n      127 |       };\n      128 |\n    > 129 |       pool.query.mockResolvedValueOnce({ rows: [] });\n          |                  ^\n      130 |\n      131 |       await userController.login(req, res);\n      132 |\n\n      at Object.<anonymous> (src/__tests__/userController.test.js:129:18)\n","name":"/Users/vanyarudakov/Desktop/👨‍🎓/Третий Курс/Фреймворк/Prac2 Rudakov/service_users/src/__tests__/userController.test.js","startTime":1762864664727,"status":"failed","summary":""}],"wasInterrupted":false}
